/home/dneufeld/scratch
gra804
Fri Jun 23 18:39:31 EDT 2023
Running...
TEST1

Total nmber of iterations:  10
Iterations since last limit check failure:  10

Old Voltages:
 [1. 1. 1. 1. 1. 1. 1. 1. 1.]

New Voltages:
 [1.         1.         1.         0.9578338  0.93035453 0.97592289
 0.94985357 0.96854393 0.91386352]

Old Phase Angles:
 [0. 0. 0. 0. 0. 0. 0. 0. 0.]

New Phase Angles:
 [ 0.         10.10311892  4.99505594 -2.50618964 -4.09037385  2.06947308
  0.72918348  4.06537055 -4.52705075]

Old Bus Values:
 [[1.   0.   0.   1.   0.   1.  ]
 [2.   0.   0.   1.   0.   2.  ]
 [3.   0.   0.   1.   0.   2.  ]
 [4.   0.   0.   1.   0.   3.  ]
 [5.   0.9  0.3  1.   0.   3.  ]
 [6.   0.   0.   1.   0.   3.  ]
 [7.   1.   0.35 1.   0.   3.  ]
 [8.   0.   0.   1.   0.   3.  ]
 [9.   1.25 0.5  1.   0.   3.  ]] 

New Bus Values (after NR):
 [[ 1.          0.          0.          1.          0.          1.        ]
 [ 2.          0.          0.          1.         10.10311892  2.        ]
 [ 3.          0.          0.          1.          4.99505594  2.        ]
 [ 4.          0.          0.          0.9578338  -2.50618964  3.        ]
 [ 5.          0.9         0.3         0.93035453 -4.09037385  3.        ]
 [ 6.          0.          0.          0.97592289  2.06947308  3.        ]
 [ 7.          1.          0.35        0.94985357  0.72918348  3.        ]
 [ 8.          0.          0.          0.96854393  4.06537055  3.        ]
 [ 9.          1.25        0.5         0.91386352 -4.52705075  3.        ]] 

TEST2
Delta_PAV difference at iteration  1 :
 0.003422443217534998 

Delta_PAV difference at iteration  2 :
 0.0005046011064619263 

Delta_PAV difference at iteration  3 :
 1.114430469255681e-05 

Delta_PAV difference at iteration  4 :
 1.3193350823742774e-07 

Delta_PAV difference at iteration  5 :
 3.4950180154143304e-08 

Delta_PAV difference at iteration  6 :
 8.372903132490447e-09 

Delta_PAV difference at iteration  7 :
 1.9884861352688782e-09 

Delta_PAV difference at iteration  8 :
 4.70594195671216e-10 

Delta_PAV difference at iteration  9 :
 1.113841583371202e-10 

Delta_PAV difference at iteration  10 :
 2.6360445859069535e-11 

Delta_PAV difference at iteration  11 :
 6.23863289743477e-12 


Total nmber of iterations:  11
Iterations since last limit check failure:  11

Old Voltages:
 [1. 1. 1. 1. 1. 1. 1. 1. 1.]

New Voltages:
 [1.         1.         1.         0.9578338  0.93035453 0.97592289
 0.94985357 0.96854393 0.91386352]

Old Phase Angles:
 [0. 0. 0. 0. 0. 0. 0. 0. 0.]

New Phase Angles:
 [ 0.         10.10311878  4.99505583 -2.50618967 -4.09037391  2.06947297
  0.72918335  4.06537042 -4.52705082]

Old Bus Values:
 [[1.   0.   0.   1.   0.   1.  ]
 [2.   0.   0.   1.   0.   2.  ]
 [3.   0.   0.   1.   0.   2.  ]
 [4.   0.   0.   1.   0.   3.  ]
 [5.   0.9  0.3  1.   0.   3.  ]
 [6.   0.   0.   1.   0.   3.  ]
 [7.   1.   0.35 1.   0.   3.  ]
 [8.   0.   0.   1.   0.   3.  ]
 [9.   1.25 0.5  1.   0.   3.  ]] 

New Bus Values (after NR):
 [[ 1.          0.          0.          1.          0.          1.        ]
 [ 2.          0.          0.          1.         10.10311878  2.        ]
 [ 3.          0.          0.          1.          4.99505583  2.        ]
 [ 4.          0.          0.          0.9578338  -2.50618967  3.        ]
 [ 5.          0.9         0.3         0.93035453 -4.09037391  3.        ]
 [ 6.          0.          0.          0.97592289  2.06947297  3.        ]
 [ 7.          1.          0.35        0.94985357  0.72918335  3.        ]
 [ 8.          0.          0.          0.96854393  4.06537042  3.        ]
 [ 9.          1.25        0.5         0.91386352 -4.52705082  3.        ]] 

Sat Jun 24 03:59:27 EDT 2023
