/home/dneufeld/scratch/NRPFC9
gra802
Tue Aug 15 18:34:39 EDT 2023
Running...
Case 9Q:

Buses:
 [[1.   0.   0.   1.   0.   1.  ]
 [2.   0.   0.   1.   0.   2.  ]
 [3.   0.   0.   1.   0.   2.  ]
 [4.   0.   0.   1.   0.   3.  ]
 [5.   0.9  0.3  1.   0.   3.  ]
 [6.   0.   0.   1.   0.   3.  ]
 [7.   1.   0.35 1.   0.   3.  ]
 [8.   0.   0.   1.   0.   3.  ]
 [9.   1.25 0.5  1.   0.   3.  ]] 

Gens
 [[ 1.    0.    0.    1.   -3.    3.  ]
 [ 2.    1.63  0.    1.   -3.    3.  ]
 [ 3.    0.85  0.    1.   -3.    3.  ]] 

Branches
 [[1.00e+00+0.j     4.00e+00+0.j     0.00e+00+0.0576j]
 [3.00e+00+0.j     6.00e+00+0.j     0.00e+00+0.0586j]
 [4.00e+00+0.j     5.00e+00+0.j     1.70e-02+0.092j ]
 [5.00e+00+0.j     6.00e+00+0.j     3.90e-02+0.17j  ]
 [6.00e+00+0.j     7.00e+00+0.j     1.19e-02+0.1008j]
 [7.00e+00+0.j     8.00e+00+0.j     8.50e-03+0.072j ]
 [8.00e+00+0.j     2.00e+00+0.j     0.00e+00+0.0625j]
 [8.00e+00+0.j     9.00e+00+0.j     3.20e-02+0.161j ]
 [9.00e+00+0.j     4.00e+00+0.j     1.00e-02+0.085j ]] 

Time to solve (Classical): 0.016860246658325195 seconds

Newton Raphson Solution:

Iteration 0:
    Voltages: [1. 1. 1. 1. 1. 1. 1. 1. 1.]
    Phase Angles: [0. 0. 0. 0. 0. 0. 0. 0. 0.]
Iteration 1:
    Voltages: [1.         1.         1.         0.96711123 0.94348028 0.98370619
 0.96257997 0.98118981 0.93204948]
    Phase Angles: [ 0.          9.78409459  5.02105393 -2.21115872 -3.54756798  2.16715115
  0.8984564   3.94708705 -3.84587903]
Iteration 2:
    Voltages: [1.         1.         1.         0.95792223 0.93049685 0.97598669
 0.94997615 0.9686839  0.91413024]
    Phase Angles: [ 0.         10.11080788  5.00240117 -2.49975512 -4.07775562  2.07825601
  0.74360638  4.07514757 -4.50576404]
Iteration 3:
    Voltages: [1.         1.         1.         0.95783327 0.93035482 0.97592197
 0.9498522  0.96854229 0.91386449]
    Phase Angles: [ 0.         10.10054248  4.99303795 -2.50689911 -4.09157508  2.06750468
  0.72696011  4.06302734 -4.52840331]
Iteration 4:
    Voltages: [1.         1.         1.         0.95783336 0.93035393 0.97592282
 0.94985343 0.96854384 0.91386264]
    Phase Angles: [ 0.         10.10373424  4.99552438 -2.50603385 -4.09010998  2.06993026
  0.72970561  4.06593125 -4.52675427]
Iteration 5:
    Voltages: [1.         1.         1.         0.95783392 0.93035468 0.97592291
 0.94985362 0.96854396 0.91386374]
    Phase Angles: [ 0.         10.102973    4.99494533 -2.50622632 -4.0904359   2.0693651
  0.72905994  4.06523767 -4.52712052]
Iteration 6:
    Voltages: [1.         1.         1.         0.95783378 0.93035449 0.97592289
 0.94985356 0.96854393 0.91386347]
    Phase Angles: [ 0.         10.10315331  4.99508199 -2.506181   -4.09035924  2.06949852
  0.72921258  4.06540187 -4.52703431]
Iteration 7:
    Voltages: [1.         1.         1.         0.95783381 0.93035453 0.97592289
 0.94985358 0.96854393 0.91386353]
    Phase Angles: [ 0.         10.10311065  4.99504968 -2.50619171 -4.09037737  2.06946696
  0.72917648  4.06536302 -4.5270547 ]
Iteration 8:
    Voltages: [1.         1.         1.         0.9578338  0.93035452 0.97592289
 0.94985357 0.96854393 0.91386352]
    Phase Angles: [ 0.         10.10312075  4.99505732 -2.50618918 -4.09037308  2.06947443
  0.72918502  4.06537221 -4.52704987]
Iteration 9:
    Voltages: [1.         1.         1.         0.9578338  0.93035453 0.97592289
 0.94985357 0.96854393 0.91386352]
    Phase Angles: [ 0.         10.10311836  4.99505551 -2.50618978 -4.09037409  2.06947266
  0.729183    4.06537004 -4.52705102]
Iteration 10:
    Voltages: [1.         1.         1.         0.9578338  0.93035453 0.97592289
 0.94985357 0.96854393 0.91386352]
    Phase Angles: [ 0.         10.10311892  4.99505594 -2.50618964 -4.09037385  2.06947308
  0.72918348  4.06537055 -4.52705075]


Delta_PAV difference at iteration 1: 0.0034224432175341173 

Delta_PAV difference at iteration 2: 0.0005046011064480931 

Delta_PAV difference at iteration 3: 1.114430469323976e-05 

Delta_PAV difference at iteration 4: 1.31933508222617e-07 

Delta_PAV difference at iteration 5: 3.495018015748977e-08 

Delta_PAV difference at iteration 6: 8.372903132479598e-09 

Delta_PAV difference at iteration 7: 1.9884861347990665e-09 

Delta_PAV difference at iteration 8: 4.705941966992452e-10 

Delta_PAV difference at iteration 9: 1.1138415997265951e-10 

Delta_PAV difference at iteration 10: 2.636044579342228e-11 

Delta_PAV difference at iteration 11: 6.238631704810493e-12 

Time to solve (HHL): 40305.78128862381 seconds

Newton Raphson with HHL Solution:

Iteration 0:
    Voltages: [1. 1. 1. 1. 1. 1. 1. 1. 1.]
    Phase Angles: [0. 0. 0. 0. 0. 0. 0. 0. 0.]
Iteration 1:
    Voltages: [1.         1.         1.         0.96634538 0.94258769 0.98308622
 0.96187082 0.98052425 0.93115985]
    Phase Angles: [ 0.          9.78544309  4.93977745 -2.15506777 -3.4808851   2.12129242
  0.894028    3.95925767 -3.74353305]
Iteration 2:
    Voltages: [1.         1.         1.         0.95800089 0.93061588 0.97600925
 0.9499782  0.96869816 0.91424347]
    Phase Angles: [ 0.         10.12342702  4.98558409 -2.49572573 -4.07694276  2.06686577
  0.74319105  4.08336919 -4.49457648]
Iteration 3:
    Voltages: [1.         1.         1.         0.95783553 0.93035734 0.97592301
 0.94985375 0.96854316 0.91386964]
    Phase Angles: [ 0.         10.09918421  4.99197894 -2.50724308 -4.09219834  2.06650092
  0.72582026  4.06176242 -4.52901555]
Iteration 4:
    Voltages: [1.         1.         1.         0.95783304 0.9303535  0.97592273
 0.94985328 0.96854374 0.91386207]
    Phase Angles: [ 0.         10.10406039  4.99577165 -2.50595274 -4.08997298  2.07017149
  0.72998177  4.06622805 -4.5266    ]
Iteration 5:
    Voltages: [1.         1.         1.         0.95783399 0.93035477 0.97592294
 0.94985365 0.96854398 0.91386387]
    Phase Angles: [ 0.         10.10289564  4.99488697 -2.50624545 -4.09046829  2.06930814
  0.72899457  4.06516733 -4.52715707]
Iteration 6:
    Voltages: [1.         1.         1.         0.95783376 0.93035447 0.97592288
 0.94985356 0.96854392 0.91386343]
    Phase Angles: [ 0.         10.10317164  4.9950958  -2.50617647 -4.09035157  2.069512
  0.72922806  4.06541853 -4.52702565]
Iteration 7:
    Voltages: [1.         1.         1.         0.95783381 0.93035454 0.9759229
 0.94985358 0.96854393 0.91386354]
    Phase Angles: [ 0.         10.10310631  4.9950464  -2.50619279 -4.09037918  2.06946377
  0.72917281  4.06535908 -4.52705675]
Iteration 8:
    Voltages: [1.         1.         1.         0.9578338  0.93035452 0.97592289
 0.94985357 0.96854393 0.91386351]
    Phase Angles: [ 0.         10.10312177  4.99505809 -2.50618892 -4.09037265  2.06947518
  0.72918589  4.06537315 -4.52704939]
Iteration 9:
    Voltages: [1.         1.         1.         0.9578338  0.93035453 0.97592289
 0.94985357 0.96854393 0.91386352]
    Phase Angles: [ 0.         10.10311812  4.99505533 -2.50618984 -4.09037419  2.06947248
  0.72918279  4.06536982 -4.52705113]
Iteration 10:
    Voltages: [1.         1.         1.         0.9578338  0.93035453 0.97592289
 0.94985357 0.96854393 0.91386352]
    Phase Angles: [ 0.         10.10311898  4.99505598 -2.50618962 -4.09037383  2.06947312
  0.72918353  4.06537061 -4.52705072]
Iteration 11:
    Voltages: [1.         1.         1.         0.9578338  0.93035453 0.97592289
 0.94985357 0.96854393 0.91386352]
    Phase Angles: [ 0.         10.10311878  4.99505583 -2.50618967 -4.09037391  2.06947297
  0.72918335  4.06537042 -4.52705082]


Wed Aug 16 05:46:40 EDT 2023
