/home/dneufeld/scratch/NRPFC9
gra802
Tue Aug  8 21:10:42 EDT 2023

The following have been reloaded with a version change:
  1) python/3.10.2 => python/3.9.6

Running...
Case 9Q:

Buses:
 [[1.   0.   0.   1.   0.   1.  ]
 [2.   0.   0.   1.   0.   2.  ]
 [3.   0.   0.   1.   0.   2.  ]
 [4.   0.   0.   1.   0.   3.  ]
 [5.   0.9  0.3  1.   0.   3.  ]
 [6.   0.   0.   1.   0.   3.  ]
 [7.   1.   0.35 1.   0.   3.  ]
 [8.   0.   0.   1.   0.   3.  ]
 [9.   1.25 0.5  1.   0.   3.  ]] 

Gens
 [[ 1.    0.    0.    1.   -3.    3.  ]
 [ 2.    1.63  0.    1.   -3.    3.  ]
 [ 3.    0.85  0.    1.   -3.    3.  ]] 

Branches
 [[1.00e+00+0.j     4.00e+00+0.j     0.00e+00+0.0576j]
 [3.00e+00+0.j     6.00e+00+0.j     0.00e+00+0.0586j]
 [4.00e+00+0.j     5.00e+00+0.j     1.70e-02+0.092j ]
 [5.00e+00+0.j     6.00e+00+0.j     3.90e-02+0.17j  ]
 [6.00e+00+0.j     7.00e+00+0.j     1.19e-02+0.1008j]
 [7.00e+00+0.j     8.00e+00+0.j     8.50e-03+0.072j ]
 [8.00e+00+0.j     2.00e+00+0.j     0.00e+00+0.0625j]
 [8.00e+00+0.j     9.00e+00+0.j     3.20e-02+0.161j ]
 [9.00e+00+0.j     4.00e+00+0.j     1.00e-02+0.085j ]] 

Newton Raphson Solution:

Iteration 0:
    Voltages: [1. 1. 1. 1. 1. 1. 1. 1. 1.]
    Phase Angles: [0. 0. 0. 0. 0. 0. 0. 0. 0.]
Iteration 1:
    Voltages: [1.         1.         1.         0.96711123 0.94348028 0.98370619
 0.96257997 0.98118981 0.93204948]
    Phase Angles: [ 0.          0.17076466  0.08763392 -0.038592   -0.06191674  0.03782392
  0.01568102  0.06888966 -0.06712325]
Iteration 2:
    Voltages: [1.         1.         1.         0.95792223 0.93049685 0.97598669
 0.94997615 0.9686839  0.91413024]
    Phase Angles: [ 0.          0.17646689  0.08730837 -0.04362896 -0.07117026  0.03627241
  0.01297838  0.07112474 -0.07864042]
Iteration 3:
    Voltages: [1.         1.         1.         0.95783327 0.93035482 0.97592197
 0.9498522  0.96854229 0.91386449]
    Phase Angles: [ 0.          0.17628772  0.08714495 -0.04375364 -0.07141146  0.03608476
  0.01268785  0.0709132  -0.07903555]
Iteration 4:
    Voltages: [1.         1.         1.         0.95783336 0.93035393 0.97592282
 0.94985343 0.96854384 0.91386264]
    Phase Angles: [ 0.          0.17634343  0.08718835 -0.04373854 -0.07138589  0.0361271
  0.01273577  0.07096389 -0.07900677]
Iteration 5:
    Voltages: [1.         1.         1.         0.95783392 0.93035468 0.97592291
 0.94985362 0.96854396 0.91386374]
    Phase Angles: [ 0.          0.17633014  0.08717824 -0.0437419  -0.07139157  0.03611723
  0.0127245   0.07095178 -0.07901316]
Iteration 6:
    Voltages: [1.         1.         1.         0.95783378 0.93035449 0.97592289
 0.94985356 0.96854393 0.91386347]
    Phase Angles: [ 0.          0.17633329  0.08718063 -0.04374111 -0.07139024  0.03611956
  0.01272716  0.07095465 -0.07901165]
Iteration 7:
    Voltages: [1.         1.         1.         0.95783381 0.93035453 0.97592289
 0.94985358 0.96854393 0.91386353]
    Phase Angles: [ 0.          0.17633255  0.08718006 -0.0437413  -0.07139055  0.03611901
  0.01272653  0.07095397 -0.07901201]
Iteration 8:
    Voltages: [1.         1.         1.         0.9578338  0.93035452 0.97592289
 0.94985357 0.96854393 0.91386352]
    Phase Angles: [ 0.          0.17633272  0.0871802  -0.04374125 -0.07139048  0.03611914
  0.01272668  0.07095413 -0.07901193]
Iteration 9:
    Voltages: [1.         1.         1.         0.9578338  0.93035453 0.97592289
 0.94985357 0.96854393 0.91386352]
    Phase Angles: [ 0.          0.17633268  0.08718016 -0.04374126 -0.0713905   0.03611911
  0.01272664  0.07095409 -0.07901195]
Iteration 10:
    Voltages: [1.         1.         1.         0.9578338  0.93035453 0.97592289
 0.94985357 0.96854393 0.91386352]
    Phase Angles: [ 0.          0.17633269  0.08718017 -0.04374126 -0.07139049  0.03611912
  0.01272665  0.0709541  -0.07901194]


Delta_PAV difference at iteration 1: 0.0034224432175341173 

Delta_PAV difference at iteration 2: 0.0005046011064480931 

Delta_PAV difference at iteration 3: 1.114430469323976e-05 

Delta_PAV difference at iteration 4: 1.31933508222617e-07 

Delta_PAV difference at iteration 5: 3.495018015748977e-08 

Delta_PAV difference at iteration 6: 8.372903132479598e-09 

Delta_PAV difference at iteration 7: 1.9884861347990665e-09 

Delta_PAV difference at iteration 8: 4.705941966992452e-10 

Delta_PAV difference at iteration 9: 1.1138415997265951e-10 

Delta_PAV difference at iteration 10: 2.636044579342228e-11 

Delta_PAV difference at iteration 11: 6.238631704810493e-12 

Newton Raphson with HHL Solution:

Iteration 0:
    Voltages: [1. 1. 1. 1. 1. 1. 1. 1. 1.]
    Phase Angles: [0. 0. 0. 0. 0. 0. 0. 0. 0.]
Iteration 1:
    Voltages: [1.         1.         1.         0.96634538 0.94258769 0.98308622
 0.96187082 0.98052425 0.93115985]
    Phase Angles: [ 0.          0.1707882   0.08621538 -0.03761303 -0.06075291  0.03702354
  0.01560373  0.06910208 -0.06533698]
Iteration 2:
    Voltages: [1.         1.         1.         0.95800089 0.93061588 0.97600925
 0.9499782  0.96869816 0.91424347]
    Phase Angles: [ 0.          0.17668713  0.08701486 -0.04355863 -0.07115607  0.03607361
  0.01297113  0.07126824 -0.07844516]
Iteration 3:
    Voltages: [1.         1.         1.         0.95783553 0.93035734 0.97592301
 0.94985375 0.96854316 0.91386964]
    Phase Angles: [ 0.          0.17626402  0.08712647 -0.04375965 -0.07142233  0.03606725
  0.01266795  0.07089113 -0.07904623]
Iteration 4:
    Voltages: [1.         1.         1.         0.95783304 0.9303535  0.97592273
 0.94985328 0.96854374 0.91386207]
    Phase Angles: [ 0.          0.17634912  0.08719266 -0.04373713 -0.07138349  0.03613131
  0.01274059  0.07096907 -0.07900407]
Iteration 5:
    Voltages: [1.         1.         1.         0.95783399 0.93035477 0.97592294
 0.94985365 0.96854398 0.91386387]
    Phase Angles: [ 0.          0.17632879  0.08717722 -0.04374223 -0.07139214  0.03611624
  0.01272336  0.07095055 -0.0790138 ]
Iteration 6:
    Voltages: [1.         1.         1.         0.95783376 0.93035447 0.97592288
 0.94985356 0.96854392 0.91386343]
    Phase Angles: [ 0.          0.17633361  0.08718087 -0.04374103 -0.0713901   0.0361198
  0.01272743  0.07095494 -0.0790115 ]
Iteration 7:
    Voltages: [1.         1.         1.         0.95783381 0.93035454 0.9759229
 0.94985358 0.96854393 0.91386354]
    Phase Angles: [ 0.          0.17633247  0.08718001 -0.04374132 -0.07139058  0.03611896
  0.01272647  0.0709539  -0.07901205]
Iteration 8:
    Voltages: [1.         1.         1.         0.9578338  0.93035452 0.97592289
 0.94985357 0.96854393 0.91386351]
    Phase Angles: [ 0.          0.17633274  0.08718021 -0.04374125 -0.07139047  0.03611916
  0.01272669  0.07095415 -0.07901192]
Iteration 9:
    Voltages: [1.         1.         1.         0.9578338  0.93035453 0.97592289
 0.94985357 0.96854393 0.91386352]
    Phase Angles: [ 0.          0.17633268  0.08718016 -0.04374126 -0.0713905   0.03611911
  0.01272664  0.07095409 -0.07901195]
Iteration 10:
    Voltages: [1.         1.         1.         0.9578338  0.93035453 0.97592289
 0.94985357 0.96854393 0.91386352]
    Phase Angles: [ 0.          0.17633269  0.08718017 -0.04374126 -0.07139049  0.03611912
  0.01272665  0.0709541  -0.07901194]
Iteration 11:
    Voltages: [1.         1.         1.         0.9578338  0.93035453 0.97592289
 0.94985357 0.96854393 0.91386352]
    Phase Angles: [ 0.          0.17633269  0.08718017 -0.04374126 -0.07139049  0.03611912
  0.01272665  0.0709541  -0.07901194]


Wed Aug  9 09:45:01 EDT 2023
